[2026-02-09 11:35:25] Hit with POST
Received file: Yogesh-Pal-Profile-Picture.png Size: 1326275 Error: 0
Success: Saved to ../images/1770633325_Yogesh_Pal_Profile_Picture.png
[2026-02-09 11:37:24] Hit with POST
Received file: Yogesh-Pal-Profile-Picture.png Size: 1326275 Error: 0
Success: Saved to ../images/1770633444_Yogesh_Pal_Profile_Picture.png
[2026-02-09 11:37:25] Hit with POST
Received file: Yogesh-Pal-Profile-Picture.png Size: 1326275 Error: 0
Success: Saved to ../images/1770633445_Yogesh_Pal_Profile_Picture.png
[2026-02-09 11:37:47] Hit with POST
Received file: Yogesh-Pal-Profile-Picture.png Size: 1326275 Error: 0
Success: Saved to ../images/1770633467_Yogesh_Pal_Profile_Picture.png
[2026-02-09 11:38:19] Hit with POST
Received file: Yogesh-Pal-Profile-Picture.png Size: 1326275 Error: 0
Success: Saved to ../images/1770633499_Yogesh_Pal_Profile_Picture.png
[2026-02-09 11:39:19] Hit with POST
Received file: Yogesh-Pal-Profile-Picture.png Size: 1326275 Error: 0
Success: Saved to ../images/1770633559_Yogesh_Pal_Profile_Picture.png
[2026-02-09 11:39:21] Hit with POST
Received file: Yogesh-Pal-Profile-Picture.png Size: 1326275 Error: 0
Success: Saved to ../images/1770633561_Yogesh_Pal_Profile_Picture.png
[2026-02-09 11:42:05] Hit with POST
Received file: WhatsApp Image 2026-02-01 at 18.29.41.jpeg Size: 97893 Error: 0
Success: Saved to ../images/1770633725_WhatsApp_Image_2026_02_01_at_18.29.41.jpeg
[2026-02-09 11:42:06] Hit with POST
Received file: WhatsApp Image 2026-02-01 at 18.29.41.jpeg Size: 97893 Error: 0
Success: Saved to ../images/1770633726_WhatsApp_Image_2026_02_01_at_18.29.41.jpeg
[2026-02-09 11:42:13] Hit with POST
Received file: WhatsApp Image 2026-02-01 at 18.29.41.jpeg Size: 97893 Error: 0
Success: Saved to ../images/1770633733_WhatsApp_Image_2026_02_01_at_18.29.41.jpeg
[2026-02-09 11:42:19] Hit with POST
Received file: Yogesh-Pal-Profile-Picture.png Size: 1326275 Error: 0
Success: Saved to ../images/1770633739_Yogesh_Pal_Profile_Picture.png
[2026-02-09 11:42:20] Hit with POST
Received file: Yogesh-Pal-Profile-Picture.png Size: 1326275 Error: 0
Success: Saved to ../images/1770633740_Yogesh_Pal_Profile_Picture.png
[2026-02-09 11:45:41] Hit with POST
Received file: WhatsApp Image 2025-09-16 at 17.11.41_9db715d5.jpg Size: 14626 Error: 0
Success: Saved to ../images/1770633941_WhatsApp_Image_2025_09_16_at_17.11.41_9db715d5.jpg
[2026-02-09 11:45:42] Hit with POST
Received file: WhatsApp Image 2025-09-16 at 17.11.41_9db715d5.jpg Size: 14626 Error: 0
Success: Saved to ../images/1770633942_WhatsApp_Image_2025_09_16_at_17.11.41_9db715d5.jpg
[2026-02-09 11:45:54] Hit with POST
Received file: Yogesh-Pal-Profile-Picture.png Size: 1326275 Error: 0
Success: Saved to ../images/1770633954_Yogesh_Pal_Profile_Picture.png
[2026-02-09 11:45:55] Hit with POST
Received file: Yogesh-Pal-Profile-Picture.png Size: 1326275 Error: 0
Success: Saved to ../images/1770633955_Yogesh_Pal_Profile_Picture.png
